[2020-05-16 20:42:38.884] [exthost] [info] extension host started
[2020-05-16 20:42:38.997] [exthost] [info] extension host started
[2020-05-16 20:42:39.017] [exthost] [info] ExtensionService#_doActivateExtension HookyQR.beautify {"startup":true,"extensionId":{"value":"HookyQR.beautify","_lower":"hookyqr.beautify"},"activationEvent":"*"}
[2020-05-16 20:42:39.017] [exthost] [info] ExtensionService#loadCommonJSModule file:///c:/Users/user/AppData/Local/Angular IDE/plugins/pack.core.win_3.6.0.202001241725/HookyQR.beautify-1.4.11/extension
[2020-05-16 20:42:39.082] [exthost] [info] ExtensionService#_doActivateExtension christian-kohler.path-intellisense {"startup":true,"extensionId":{"value":"christian-kohler.path-intellisense","_lower":"christian-kohler.path-intellisense"},"activationEvent":"*"}
[2020-05-16 20:42:39.082] [exthost] [info] ExtensionService#loadCommonJSModule file:///c:/Users/user/AppData/Local/Angular IDE/plugins/pack.core.win_3.6.0.202001241725/christian-kohler.path-intellisense-1.4.2/out/src/extension
[2020-05-16 20:42:39.099] [exthost] [info] ExtensionService#_doActivateExtension dbaeumer.vscode-eslint {"startup":true,"extensionId":{"value":"dbaeumer.vscode-eslint","_lower":"dbaeumer.vscode-eslint"},"activationEvent":"*"}
[2020-05-16 20:42:39.099] [exthost] [info] ExtensionService#loadCommonJSModule file:///c:/Users/user/AppData/Local/Angular IDE/plugins/pack.core.win_3.6.0.202001241725/dbaeumer.vscode-eslint-1.9.0/client/out/extension
[2020-05-16 20:42:39.114] [exthost] [info] ExtensionService#_doActivateExtension vscode.debug-auto-launch {"startup":true,"extensionId":{"value":"vscode.debug-auto-launch","_lower":"vscode.debug-auto-launch"},"activationEvent":"*"}
[2020-05-16 20:42:39.114] [exthost] [info] ExtensionService#loadCommonJSModule file:///c:/Users/user/AppData/Local/Angular IDE/plugins/com.genuitec.eclipse.code.engine.app.win32.x86_64_3.6.0.202002212104/engine/resources/app/extensions/debug-auto-launch/dist/extension
[2020-05-16 20:42:39.117] [exthost] [info] ExtensionService#_doActivateExtension vscode.emmet {"startup":true,"extensionId":{"value":"vscode.emmet","_lower":"vscode.emmet"},"activationEvent":"*"}
[2020-05-16 20:42:39.118] [exthost] [info] ExtensionService#loadCommonJSModule file:///c:/Users/user/AppData/Local/Angular IDE/plugins/com.genuitec.eclipse.code.engine.app.win32.x86_64_3.6.0.202002212104/engine/resources/app/extensions/emmet/dist/extension
[2020-05-16 20:42:39.141] [exthost] [info] ExtensionService#_doActivateExtension formulahendry.auto-close-tag {"startup":true,"extensionId":{"value":"formulahendry.auto-close-tag","_lower":"formulahendry.auto-close-tag"},"activationEvent":"*"}
[2020-05-16 20:42:39.141] [exthost] [info] ExtensionService#loadCommonJSModule file:///c:/Users/user/AppData/Local/Angular IDE/plugins/pack.core.win_3.6.0.202001241725/formulahendry.auto-close-tag-0.5.6/out/src/extension
[2020-05-16 20:42:39.163] [exthost] [info] eager extensions activated
[2020-05-16 20:42:39.671] [exthost] [info] ExtensionService#_doActivateExtension vscode.grunt {"startup":false,"extensionId":{"value":"vscode.grunt","_lower":"vscode.grunt"},"activationEvent":"onCommand:workbench.action.tasks.runTask"}
[2020-05-16 20:42:39.671] [exthost] [info] ExtensionService#loadCommonJSModule file:///c:/Users/user/AppData/Local/Angular IDE/plugins/com.genuitec.eclipse.code.engine.app.win32.x86_64_3.6.0.202002212104/engine/resources/app/extensions/grunt/dist/main
[2020-05-16 20:42:39.675] [exthost] [info] ExtensionService#_doActivateExtension vscode.gulp {"startup":false,"extensionId":{"value":"vscode.gulp","_lower":"vscode.gulp"},"activationEvent":"onCommand:workbench.action.tasks.runTask"}
[2020-05-16 20:42:39.675] [exthost] [info] ExtensionService#loadCommonJSModule file:///c:/Users/user/AppData/Local/Angular IDE/plugins/com.genuitec.eclipse.code.engine.app.win32.x86_64_3.6.0.202002212104/engine/resources/app/extensions/gulp/dist/main
[2020-05-16 20:42:39.678] [exthost] [info] ExtensionService#_doActivateExtension vscode.jake {"startup":false,"extensionId":{"value":"vscode.jake","_lower":"vscode.jake"},"activationEvent":"onCommand:workbench.action.tasks.runTask"}
[2020-05-16 20:42:39.678] [exthost] [info] ExtensionService#loadCommonJSModule file:///c:/Users/user/AppData/Local/Angular IDE/plugins/com.genuitec.eclipse.code.engine.app.win32.x86_64_3.6.0.202002212104/engine/resources/app/extensions/jake/dist/main
[2020-05-16 20:42:39.681] [exthost] [info] ExtensionService#_doActivateExtension vscode.npm {"startup":false,"extensionId":{"value":"vscode.npm","_lower":"vscode.npm"},"activationEvent":"onCommand:workbench.action.tasks.runTask"}
[2020-05-16 20:42:39.681] [exthost] [info] ExtensionService#loadCommonJSModule file:///c:/Users/user/AppData/Local/Angular IDE/plugins/com.genuitec.eclipse.code.engine.app.win32.x86_64_3.6.0.202002212104/engine/resources/app/extensions/npm/dist/main
[2020-05-16 20:42:39.692] [exthost] [info] ExtensionService#_doActivateExtension vscode.typescript-language-features {"startup":false,"extensionId":{"value":"vscode.typescript-language-features","_lower":"vscode.typescript-language-features"},"activationEvent":"onCommand:workbench.action.tasks.runTask"}
[2020-05-16 20:42:39.692] [exthost] [info] ExtensionService#loadCommonJSModule file:///c:/Users/user/AppData/Local/Angular IDE/plugins/com.genuitec.eclipse.code.engine.app.win32.x86_64_3.6.0.202002212104/engine/resources/app/extensions/typescript-language-features/dist/extension
[2020-05-16 20:42:40.240] [exthost] [info] ExtensionService#_doActivateExtension vscode.configuration-editing {"startup":false,"extensionId":{"value":"vscode.configuration-editing","_lower":"vscode.configuration-editing"},"activationEvent":"onLanguage:jsonc"}
[2020-05-16 20:42:40.240] [exthost] [info] ExtensionService#loadCommonJSModule file:///c:/Users/user/AppData/Local/Angular IDE/plugins/com.genuitec.eclipse.code.engine.app.win32.x86_64_3.6.0.202002212104/engine/resources/app/extensions/configuration-editing/dist/extension
[2020-05-16 20:42:40.249] [exthost] [info] ExtensionService#_doActivateExtension vscode.json-language-features {"startup":false,"extensionId":{"value":"vscode.json-language-features","_lower":"vscode.json-language-features"},"activationEvent":"onLanguage:jsonc"}
[2020-05-16 20:42:40.249] [exthost] [info] ExtensionService#loadCommonJSModule file:///c:/Users/user/AppData/Local/Angular IDE/plugins/com.genuitec.eclipse.code.engine.app.win32.x86_64_3.6.0.202002212104/engine/resources/app/extensions/json-language-features/client/dist/jsonMain
[2020-05-16 20:44:04.934] [exthost] [info] extension host started
[2020-05-16 20:44:04.958] [exthost] [info] ExtensionService#_doActivateExtension vscode.grunt {"startup":false,"extensionId":{"value":"vscode.grunt","_lower":"vscode.grunt"},"activationEvent":"onCommand:workbench.action.tasks.runTask"}
[2020-05-16 20:44:04.958] [exthost] [info] ExtensionService#loadCommonJSModule file:///c:/Users/user/AppData/Local/Angular IDE/plugins/com.genuitec.eclipse.code.engine.app.win32.x86_64_3.6.0.202002212104/engine/resources/app/extensions/grunt/dist/main
[2020-05-16 20:44:04.962] [exthost] [info] ExtensionService#_doActivateExtension vscode.gulp {"startup":false,"extensionId":{"value":"vscode.gulp","_lower":"vscode.gulp"},"activationEvent":"onCommand:workbench.action.tasks.runTask"}
[2020-05-16 20:44:04.962] [exthost] [info] ExtensionService#loadCommonJSModule file:///c:/Users/user/AppData/Local/Angular IDE/plugins/com.genuitec.eclipse.code.engine.app.win32.x86_64_3.6.0.202002212104/engine/resources/app/extensions/gulp/dist/main
[2020-05-16 20:44:04.965] [exthost] [info] ExtensionService#_doActivateExtension vscode.jake {"startup":false,"extensionId":{"value":"vscode.jake","_lower":"vscode.jake"},"activationEvent":"onCommand:workbench.action.tasks.runTask"}
[2020-05-16 20:44:04.965] [exthost] [info] ExtensionService#loadCommonJSModule file:///c:/Users/user/AppData/Local/Angular IDE/plugins/com.genuitec.eclipse.code.engine.app.win32.x86_64_3.6.0.202002212104/engine/resources/app/extensions/jake/dist/main
[2020-05-16 20:44:04.968] [exthost] [info] ExtensionService#_doActivateExtension vscode.npm {"startup":false,"extensionId":{"value":"vscode.npm","_lower":"vscode.npm"},"activationEvent":"onCommand:workbench.action.tasks.runTask"}
[2020-05-16 20:44:04.968] [exthost] [info] ExtensionService#loadCommonJSModule file:///c:/Users/user/AppData/Local/Angular IDE/plugins/com.genuitec.eclipse.code.engine.app.win32.x86_64_3.6.0.202002212104/engine/resources/app/extensions/npm/dist/main
[2020-05-16 20:44:04.974] [exthost] [info] ExtensionService#_doActivateExtension vscode.typescript-language-features {"startup":false,"extensionId":{"value":"vscode.typescript-language-features","_lower":"vscode.typescript-language-features"},"activationEvent":"onCommand:workbench.action.tasks.runTask"}
[2020-05-16 20:44:04.974] [exthost] [info] ExtensionService#loadCommonJSModule file:///c:/Users/user/AppData/Local/Angular IDE/plugins/com.genuitec.eclipse.code.engine.app.win32.x86_64_3.6.0.202002212104/engine/resources/app/extensions/typescript-language-features/dist/extension
[2020-05-16 20:44:04.984] [exthost] [info] ExtensionService#_doActivateExtension vscode.configuration-editing {"startup":false,"extensionId":{"value":"vscode.configuration-editing","_lower":"vscode.configuration-editing"},"activationEvent":"onLanguage:jsonc"}
[2020-05-16 20:44:04.984] [exthost] [info] ExtensionService#loadCommonJSModule file:///c:/Users/user/AppData/Local/Angular IDE/plugins/com.genuitec.eclipse.code.engine.app.win32.x86_64_3.6.0.202002212104/engine/resources/app/extensions/configuration-editing/dist/extension
[2020-05-16 20:44:04.987] [exthost] [info] ExtensionService#_doActivateExtension vscode.json-language-features {"startup":false,"extensionId":{"value":"vscode.json-language-features","_lower":"vscode.json-language-features"},"activationEvent":"onLanguage:jsonc"}
[2020-05-16 20:44:04.987] [exthost] [info] ExtensionService#loadCommonJSModule file:///c:/Users/user/AppData/Local/Angular IDE/plugins/com.genuitec.eclipse.code.engine.app.win32.x86_64_3.6.0.202002212104/engine/resources/app/extensions/json-language-features/client/dist/jsonMain
[2020-05-16 20:44:04.996] [exthost] [info] ExtensionService#_doActivateExtension HookyQR.beautify {"startup":true,"extensionId":{"value":"HookyQR.beautify","_lower":"hookyqr.beautify"},"activationEvent":"*"}
[2020-05-16 20:44:04.996] [exthost] [info] ExtensionService#loadCommonJSModule file:///c:/Users/user/AppData/Local/Angular IDE/plugins/pack.core.win_3.6.0.202001241725/HookyQR.beautify-1.4.11/extension
[2020-05-16 20:44:05.048] [exthost] [info] ExtensionService#_doActivateExtension christian-kohler.path-intellisense {"startup":true,"extensionId":{"value":"christian-kohler.path-intellisense","_lower":"christian-kohler.path-intellisense"},"activationEvent":"*"}
[2020-05-16 20:44:05.048] [exthost] [info] ExtensionService#loadCommonJSModule file:///c:/Users/user/AppData/Local/Angular IDE/plugins/pack.core.win_3.6.0.202001241725/christian-kohler.path-intellisense-1.4.2/out/src/extension
[2020-05-16 20:44:05.059] [exthost] [info] ExtensionService#_doActivateExtension dbaeumer.vscode-eslint {"startup":true,"extensionId":{"value":"dbaeumer.vscode-eslint","_lower":"dbaeumer.vscode-eslint"},"activationEvent":"*"}
[2020-05-16 20:44:05.059] [exthost] [info] ExtensionService#loadCommonJSModule file:///c:/Users/user/AppData/Local/Angular IDE/plugins/pack.core.win_3.6.0.202001241725/dbaeumer.vscode-eslint-1.9.0/client/out/extension
[2020-05-16 20:44:05.063] [exthost] [info] ExtensionService#_doActivateExtension vscode.debug-auto-launch {"startup":true,"extensionId":{"value":"vscode.debug-auto-launch","_lower":"vscode.debug-auto-launch"},"activationEvent":"*"}
[2020-05-16 20:44:05.063] [exthost] [info] ExtensionService#loadCommonJSModule file:///c:/Users/user/AppData/Local/Angular IDE/plugins/com.genuitec.eclipse.code.engine.app.win32.x86_64_3.6.0.202002212104/engine/resources/app/extensions/debug-auto-launch/dist/extension
[2020-05-16 20:44:05.065] [exthost] [info] ExtensionService#_doActivateExtension vscode.emmet {"startup":true,"extensionId":{"value":"vscode.emmet","_lower":"vscode.emmet"},"activationEvent":"*"}
[2020-05-16 20:44:05.065] [exthost] [info] ExtensionService#loadCommonJSModule file:///c:/Users/user/AppData/Local/Angular IDE/plugins/com.genuitec.eclipse.code.engine.app.win32.x86_64_3.6.0.202002212104/engine/resources/app/extensions/emmet/dist/extension
[2020-05-16 20:44:05.076] [exthost] [info] ExtensionService#_doActivateExtension formulahendry.auto-close-tag {"startup":true,"extensionId":{"value":"formulahendry.auto-close-tag","_lower":"formulahendry.auto-close-tag"},"activationEvent":"*"}
[2020-05-16 20:44:05.076] [exthost] [info] ExtensionService#loadCommonJSModule file:///c:/Users/user/AppData/Local/Angular IDE/plugins/pack.core.win_3.6.0.202001241725/formulahendry.auto-close-tag-0.5.6/out/src/extension
[2020-05-16 20:44:05.111] [exthost] [info] eager extensions activated
[2020-05-16 20:45:47.468] [exthost] [info] ExtensionService#_doActivateExtension Angular.ng-template {"startup":false,"extensionId":{"value":"Angular.ng-template","_lower":"angular.ng-template"},"activationEvent":"onLanguage:typescript"}
[2020-05-16 20:45:47.468] [exthost] [info] ExtensionService#loadCommonJSModule file:///c:/Users/user/AppData/Local/Angular IDE/plugins/pack.angular.win_3.6.0.202002112320/Angular.ng-template-0.900.4-fixed/client
[2020-05-16 20:45:47.667] [exthost] [info] ExtensionService#_doActivateExtension vscode.extension-editing {"startup":false,"extensionId":{"value":"vscode.extension-editing","_lower":"vscode.extension-editing"},"activationEvent":"onLanguage:typescript"}
[2020-05-16 20:45:47.667] [exthost] [info] ExtensionService#loadCommonJSModule file:///c:/Users/user/AppData/Local/Angular IDE/plugins/com.genuitec.eclipse.code.engine.app.win32.x86_64_3.6.0.202002212104/engine/resources/app/extensions/extension-editing/dist/extension
[2020-05-16 20:45:47.689] [exthost] [info] ExtensionService#_doActivateExtension ms-vscode.vscode-typescript-tslint-plugin {"startup":false,"extensionId":{"value":"ms-vscode.vscode-typescript-tslint-plugin","_lower":"ms-vscode.vscode-typescript-tslint-plugin"},"activationEvent":"onLanguage:typescript"}
[2020-05-16 20:45:47.689] [exthost] [info] ExtensionService#loadCommonJSModule file:///c:/Users/user/AppData/Local/Angular IDE/plugins/pack.core.win_3.6.0.202001241725/ms-vscode.vscode-typescript-tslint-plugin-1.2.2/out/index.js
[2020-05-16 20:45:50.488] [exthost] [info] ExtensionService#_doActivateExtension vscode.html-language-features {"startup":false,"extensionId":{"value":"vscode.html-language-features","_lower":"vscode.html-language-features"},"activationEvent":"onLanguage:html"}
[2020-05-16 20:45:50.488] [exthost] [info] ExtensionService#loadCommonJSModule file:///c:/Users/user/AppData/Local/Angular IDE/plugins/com.genuitec.eclipse.code.engine.app.win32.x86_64_3.6.0.202002212104/engine/resources/app/extensions/html-language-features/client/dist/htmlMain
[2020-05-16 20:45:50.529] [exthost] [info] ExtensionService#_doActivateExtension mkaufman.HTMLHint {"startup":false,"extensionId":{"value":"mkaufman.HTMLHint","_lower":"mkaufman.htmlhint"},"activationEvent":"onLanguage:html"}
[2020-05-16 20:45:50.529] [exthost] [info] ExtensionService#loadCommonJSModule file:///c:/Users/user/AppData/Local/Angular IDE/plugins/pack.core.win_3.6.0.202001241725/mkaufman.HTMLHint-0.6.0/out/extension
[2020-05-16 20:45:52.413] [exthost] [info] ExtensionService#_doActivateExtension vscode.markdown-language-features {"startup":false,"extensionId":{"value":"vscode.markdown-language-features","_lower":"vscode.markdown-language-features"},"activationEvent":"onLanguage:markdown"}
[2020-05-16 20:45:52.413] [exthost] [info] ExtensionService#loadCommonJSModule file:///c:/Users/user/AppData/Local/Angular IDE/plugins/com.genuitec.eclipse.code.engine.app.win32.x86_64_3.6.0.202002212104/engine/resources/app/extensions/markdown-language-features/dist/extension
